<?xml version="1.0" encoding="UTF-8"?>
<coverage generated="1743389340579" clover="3.2.0">
  <project timestamp="1743389340579" name="All files">
    <metrics statements="22" coveredstatements="22" conditionals="5" coveredconditionals="5" methods="3" coveredmethods="3" elements="30" coveredelements="30" complexity="0" loc="22" ncloc="22" packages="2" files="2" classes="2"/>
    <package name="application">
      <metrics statements="14" coveredstatements="14" conditionals="3" coveredconditionals="3" methods="1" coveredmethods="1"/>
      <file name="cadastrar-usuario.usecase.js" path="C:\Users\gabri\OneDrive\Documents\2 Cursos\clean-js\src\application\cadastrar-usuario.usecase.js">
        <metrics statements="14" coveredstatements="14" conditionals="3" coveredconditionals="3" methods="1" coveredmethods="1"/>
        <line num="1" count="1" type="stmt"/>
        <line num="2" count="1" type="stmt"/>
        <line num="3" count="1" type="cond" truecount="1" falsecount="0"/>
        <line num="4" count="2" type="cond" truecount="1" falsecount="0"/>
        <line num="5" count="1" type="cond" truecount="1" falsecount="0"/>
        <line num="6" count="1" type="stmt"/>
        <line num="7" count="1" type="stmt"/>
        <line num="8" count="1" type="stmt"/>
        <line num="9" count="1" type="stmt"/>
        <line num="10" count="1" type="stmt"/>
        <line num="11" count="1" type="stmt"/>
        <line num="12" count="1" type="stmt"/>
        <line num="13" count="1" type="stmt"/>
        <line num="14" count="1" type="stmt"/>
      </file>
    </package>
    <package name="shared.errors">
      <metrics statements="8" coveredstatements="8" conditionals="2" coveredconditionals="2" methods="2" coveredmethods="2"/>
      <file name="AppError.js" path="C:\Users\gabri\OneDrive\Documents\2 Cursos\clean-js\src\shared\errors\AppError.js">
        <metrics statements="8" coveredstatements="8" conditionals="2" coveredconditionals="2" methods="2" coveredmethods="2"/>
        <line num="1" count="1" type="stmt"/>
        <line num="2" count="1" type="cond" truecount="1" falsecount="0"/>
        <line num="3" count="4" type="stmt"/>
        <line num="4" count="4" type="stmt"/>
        <line num="5" count="4" type="stmt"/>
        <line num="6" count="1" type="stmt"/>
        <line num="7" count="1" type="cond" truecount="1" falsecount="0"/>
        <line num="8" count="1" type="stmt"/>
      </file>
    </package>
  </project>
</coverage>
