{"C:\\Users\\gabri\\OneDrive\\Documents\\2 Cursos\\clean-js\\src\\application\\cadastrar-usuario.usecase.js": {"path":"C:\\Users\\gabri\\OneDrive\\Documents\\2 Cursos\\clean-js\\src\\application\\cadastrar-usuario.usecase.js","all":false,"statementMap":{"0":{"start":{"line":1,"column":0},"end":{"line":1,"column":54}},"1":{"start":{"line":2,"column":0},"end":{"line":2,"column":0}},"2":{"start":{"line":3,"column":0},"end":{"line":3,"column":75}},"3":{"start":{"line":4,"column":0},"end":{"line":4,"column":69}},"4":{"start":{"line":5,"column":0},"end":{"line":5,"column":77}},"5":{"start":{"line":6,"column":0},"end":{"line":6,"column":40}},"6":{"start":{"line":7,"column":0},"end":{"line":7,"column":20}},"7":{"start":{"line":8,"column":0},"end":{"line":8,"column":10}},"8":{"start":{"line":9,"column":0},"end":{"line":9,"column":15}},"9":{"start":{"line":10,"column":0},"end":{"line":10,"column":15}},"10":{"start":{"line":11,"column":0},"end":{"line":11,"column":12}},"11":{"start":{"line":12,"column":0},"end":{"line":12,"column":7}},"12":{"start":{"line":13,"column":0},"end":{"line":13,"column":4}},"13":{"start":{"line":14,"column":0},"end":{"line":14,"column":2}}},"s":{"0":1,"1":1,"2":1,"3":2,"4":1,"5":1,"6":1,"7":1,"8":1,"9":1,"10":1,"11":1,"12":1,"13":1},"branchMap":{"0":{"type":"branch","line":3,"loc":{"start":{"line":3,"column":17},"end":{"line":14,"column":2}},"locations":[{"start":{"line":3,"column":17},"end":{"line":14,"column":2}}]},"1":{"type":"branch","line":4,"loc":{"start":{"line":4,"column":27},"end":{"line":14,"column":2}},"locations":[{"start":{"line":4,"column":27},"end":{"line":14,"column":2}}]},"2":{"type":"branch","line":5,"loc":{"start":{"line":5,"column":9},"end":{"line":13,"column":3}},"locations":[{"start":{"line":5,"column":9},"end":{"line":13,"column":3}}]}},"b":{"0":[2],"1":[1],"2":[1]},"fnMap":{"0":{"name":"cadastrarUsuarioUseCase","decl":{"start":{"line":3,"column":17},"end":{"line":14,"column":2}},"loc":{"start":{"line":3,"column":17},"end":{"line":14,"column":2}},"line":3}},"f":{"0":2}}
,"C:\\Users\\gabri\\OneDrive\\Documents\\2 Cursos\\clean-js\\src\\shared\\errors\\AppError.js": {"path":"C:\\Users\\gabri\\OneDrive\\Documents\\2 Cursos\\clean-js\\src\\shared\\errors\\AppError.js","all":false,"statementMap":{"0":{"start":{"line":1,"column":0},"end":{"line":1,"column":47}},"1":{"start":{"line":2,"column":0},"end":{"line":2,"column":24}},"2":{"start":{"line":3,"column":0},"end":{"line":3,"column":19}},"3":{"start":{"line":4,"column":0},"end":{"line":4,"column":27}},"4":{"start":{"line":5,"column":0},"end":{"line":5,"column":3}},"5":{"start":{"line":6,"column":0},"end":{"line":6,"column":0}},"6":{"start":{"line":7,"column":0},"end":{"line":7,"column":74}},"7":{"start":{"line":8,"column":0},"end":{"line":8,"column":2}}},"s":{"0":1,"1":1,"2":4,"3":4,"4":4,"5":1,"6":1,"7":1},"branchMap":{"0":{"type":"branch","line":2,"loc":{"start":{"line":2,"column":2},"end":{"line":5,"column":3}},"locations":[{"start":{"line":2,"column":2},"end":{"line":5,"column":3}}]},"1":{"type":"branch","line":7,"loc":{"start":{"line":7,"column":2},"end":{"line":7,"column":73}},"locations":[{"start":{"line":7,"column":2},"end":{"line":7,"column":73}}]}},"b":{"0":[4],"1":[2]},"fnMap":{"0":{"name":"AppError","decl":{"start":{"line":2,"column":2},"end":{"line":5,"column":3}},"loc":{"start":{"line":2,"column":2},"end":{"line":5,"column":3}},"line":2},"1":{"name":"<static_initializer>","decl":{"start":{"line":7,"column":2},"end":{"line":7,"column":73}},"loc":{"start":{"line":7,"column":2},"end":{"line":7,"column":73}},"line":7}},"f":{"0":4,"1":2}}
}
